2023-08-09 01:45:14,693:DEBUG:certbot._internal.main:certbot version: 2.6.0
2023-08-09 01:45:14,694:DEBUG:certbot._internal.main:Location of certbot entry point: /usr/local/lib/python3.9/site-packages/dnsrobocert/core/certbot.py
2023-08-09 01:45:14,694:DEBUG:certbot._internal.main:Arguments: ['-n', '--user-agent-comment', 'DNSroboCert/3.23.1', '--preferred-chain', 'ISRG Root X1', '--config-dir', '/etc/letsencrypt', '--work-dir', '/etc/letsencrypt/workdir', '--logs-dir', '/etc/letsencrypt/logs', '--manual', '--preferred-challenges=dns', '--manual-auth-hook', '/usr/local/bin/python3 -m dnsrobocert.core.hooks -t auth -c "/tmp/tmppsqbtnjb/dnsrobocert-runtime.yml" -l "doggr.pro"', '--manual-cleanup-hook', '/usr/local/bin/python3 -m dnsrobocert.core.hooks -t cleanup -c "/tmp/tmppsqbtnjb/dnsrobocert-runtime.yml" -l "doggr.pro"', '--expand', '--deploy-hook', '/usr/local/bin/python3 -m dnsrobocert.core.hooks -t deploy -c "/tmp/tmppsqbtnjb/dnsrobocert-runtime.yml" -l "doggr.pro"', '--server', 'https://acme-v02.api.letsencrypt.org/directory', '--cert-name', 'doggr.pro', '--key-type', 'rsa', '-d', '*.doggr.pro', '-d', 'doggr.pro']
2023-08-09 01:45:14,694:DEBUG:certbot._internal.main:Discovered plugins: PluginsRegistry(PluginEntryPoint#manual,PluginEntryPoint#null,PluginEntryPoint#standalone,PluginEntryPoint#webroot)
2023-08-09 01:45:14,706:DEBUG:certbot._internal.log:Root logging level set at 30
2023-08-09 01:45:14,707:DEBUG:certbot._internal.plugins.selection:Requested authenticator manual and installer None
2023-08-09 01:45:14,709:DEBUG:certbot._internal.plugins.selection:Single candidate plugin: * manual
Description: Manual configuration or run your own shell scripts
Interfaces: Authenticator, Plugin
Entry point: manual = certbot._internal.plugins.manual:Authenticator
Initialized: <certbot._internal.plugins.manual.Authenticator object at 0x7faa604c5a30>
Prep: True
2023-08-09 01:45:14,709:DEBUG:certbot._internal.plugins.selection:Selected authenticator <certbot._internal.plugins.manual.Authenticator object at 0x7faa604c5a30> and installer None
2023-08-09 01:45:14,709:INFO:certbot._internal.plugins.selection:Plugins selected: Authenticator manual, Installer None
2023-08-09 01:45:14,756:DEBUG:certbot._internal.main:Picked account: <Account(RegistrationResource(body=Registration(key=None, contact=(), agreement=None, status=None, terms_of_service_agreed=None, only_return_existing=None, external_account_binding=None), uri='https://acme-v02.api.letsencrypt.org/acme/acct/1248473286', new_authzr_uri=None, terms_of_service=None), b1a6dae6ae4b8a86842c0d27dbb3cf1d, Meta(creation_dt=datetime.datetime(2023, 8, 9, 1, 19, 45, tzinfo=<UTC>), creation_host='cc56b5d614a0', register_to_eff=None))>
2023-08-09 01:45:14,757:DEBUG:acme.client:Sending GET request to https://acme-v02.api.letsencrypt.org/directory.
2023-08-09 01:45:14,758:DEBUG:urllib3.connectionpool:Starting new HTTPS connection (1): acme-v02.api.letsencrypt.org:443
2023-08-09 01:45:14,852:DEBUG:urllib3.connectionpool:https://acme-v02.api.letsencrypt.org:443 "GET /directory HTTP/1.1" 200 752
2023-08-09 01:45:14,852:DEBUG:acme.client:Received response:
HTTP 200
Server: nginx
Date: Wed, 09 Aug 2023 01:45:14 GMT
Content-Type: application/json
Content-Length: 752
Connection: keep-alive
Cache-Control: public, max-age=0, no-cache
X-Frame-Options: DENY
Strict-Transport-Security: max-age=604800

{
  "keyChange": "https://acme-v02.api.letsencrypt.org/acme/key-change",
  "meta": {
    "caaIdentities": [
      "letsencrypt.org"
    ],
    "termsOfService": "https://letsencrypt.org/documents/LE-SA-v1.3-September-21-2022.pdf",
    "website": "https://letsencrypt.org"
  },
  "newAccount": "https://acme-v02.api.letsencrypt.org/acme/new-acct",
  "newNonce": "https://acme-v02.api.letsencrypt.org/acme/new-nonce",
  "newOrder": "https://acme-v02.api.letsencrypt.org/acme/new-order",
  "renewalInfo": "https://acme-v02.api.letsencrypt.org/draft-ietf-acme-ari-01/renewalInfo/",
  "revokeCert": "https://acme-v02.api.letsencrypt.org/acme/revoke-cert",
  "v8glOn7lTmA": "https://community.letsencrypt.org/t/adding-random-entries-to-the-directory/33417"
}
2023-08-09 01:45:14,922:DEBUG:urllib3.connectionpool:Starting new HTTP connection (1): r3.o.lencr.org:80
2023-08-09 01:45:15,005:DEBUG:urllib3.connectionpool:http://r3.o.lencr.org:80 "POST / HTTP/1.1" 200 503
2023-08-09 01:45:15,006:DEBUG:certbot.ocsp:OCSP response for certificate /etc/letsencrypt/archive/doggr.pro/cert1.pem is signed by the certificate's issuer.
2023-08-09 01:45:15,007:DEBUG:certbot.ocsp:OCSP certificate status for /etc/letsencrypt/archive/doggr.pro/cert1.pem is: OCSPCertStatus.GOOD
2023-08-09 01:45:15,012:DEBUG:certbot._internal.display.obj:Notifying user: Certificate not yet due for renewal
2023-08-09 01:45:15,013:INFO:certbot._internal.main:Keeping the existing certificate
2023-08-09 01:45:15,013:DEBUG:certbot._internal.display.obj:Notifying user: Certificate not yet due for renewal; no action taken.
